e:\serpa\ufsc\prog3\battle sea\battle sea\debug\vc142.pdb
e:\serpa\ufsc\prog3\battle sea\battle sea\debug\vc142.idb
e:\serpa\ufsc\prog3\battle sea\battle sea\debug\player.obj
e:\serpa\ufsc\prog3\battle sea\battle sea\debug\game.obj
e:\serpa\ufsc\prog3\battle sea\battle sea\debug\enemy.obj
e:\serpa\ufsc\prog3\battle sea\battle sea\debug\menu.obj
e:\serpa\ufsc\prog3\battle sea\battle sea\debug\source.obj
e:\serpa\ufsc\prog3\battle sea\battle sea\debug\submarine.obj
e:\serpa\ufsc\prog3\battle sea\battle sea\debug\missile.obj
e:\serpa\ufsc\prog3\battle sea\battle sea\debug\player2.obj
e:\serpa\ufsc\prog3\battle sea\debug\battle sea.exe
e:\serpa\ufsc\prog3\battle sea\debug\battle sea.ilk
e:\serpa\ufsc\prog3\battle sea\debug\battle sea.pdb
e:\serpa\ufsc\prog3\battle sea\battle sea\debug\battle sea.res
e:\serpa\ufsc\prog3\battle sea\battle sea\debug\game.obj.enc
e:\serpa\ufsc\prog3\battle sea\battle sea\debug\battle sea.tlog\cl.command.1.tlog
e:\serpa\ufsc\prog3\battle sea\battle sea\debug\battle sea.tlog\cl.read.1.tlog
e:\serpa\ufsc\prog3\battle sea\battle sea\debug\battle sea.tlog\cl.write.1.tlog
e:\serpa\ufsc\prog3\battle sea\battle sea\debug\battle sea.tlog\link.command.1.tlog
e:\serpa\ufsc\prog3\battle sea\battle sea\debug\battle sea.tlog\link.read.1.tlog
e:\serpa\ufsc\prog3\battle sea\battle sea\debug\battle sea.tlog\link.write.1.tlog
e:\serpa\ufsc\prog3\battle sea\battle sea\debug\battle sea.tlog\rc.command.1.tlog
e:\serpa\ufsc\prog3\battle sea\battle sea\debug\battle sea.tlog\rc.read.1.tlog
e:\serpa\ufsc\prog3\battle sea\battle sea\debug\battle sea.tlog\rc.write.1.tlog
